<?xml version="1.0" encoding="UTF-8"?>
<testsuite name="QueueTest" tests="3" skipped="0" failures="0" errors="0" timestamp="2017-07-16T07:03:46" hostname="ITT-HARSHITHAG" time="0.008">
  <properties/>
  <testcase name="test_frontValue" classname="QueueTest" time="0.008"/>
  <testcase name="test_dequeue" classname="QueueTest" time="0.0"/>
  <testcase name="test_enqueue" classname="QueueTest" time="0.0"/>
  <system-out><![CDATA[]]></system-out>
  <system-err><![CDATA[]]></system-err>
</testsuite>
